<?xml version="1.0" encoding="UTF-8"?>
<robot generator="Robot 5.0 (Python 3.10.4 on win32)" generated="20220613 23:17:24.898" rpa="false" schemaversion="3">
<suite id="s1" name="Cart Test" source="C:\Users\Dell\OneDrive\Desktop\robotlearning\cart testing\cart_test.robot">
<test id="s1-t1" name="no product" line="9">
<kw name="login to saucelabs" library="common" type="SETUP">
<kw name="Setup chromedriver" library="common">
<kw name="Set Environment Variable" library="OperatingSystem">
<arg>webdriver.chrome.driver</arg>
<arg>${EXECDIR} /bin/chromedrivere.exe</arg>
<doc>Sets an environment variable to a specified value.</doc>
<msg timestamp="20220613 23:17:25.817" level="INFO">Environment variable 'webdriver.chrome.driver' set to value 'C:\Users\Dell\OneDrive\Desktop\robotlearning\cart testing /bin/chromedrivere.exe'.</msg>
<status status="PASS" starttime="20220613 23:17:25.817" endtime="20220613 23:17:25.817"/>
</kw>
<status status="PASS" starttime="20220613 23:17:25.816" endtime="20220613 23:17:25.817"/>
</kw>
<kw name="Open Browser" library="SeleniumLibrary">
<arg>https://www.saucedemo.com/</arg>
<arg>chrome</arg>
<doc>Opens a new browser instance to the optional ``url``.</doc>
<msg timestamp="20220613 23:17:25.818" level="INFO">Opening browser 'chrome' to base url 'https://www.saucedemo.com/'.</msg>
<msg timestamp="20220613 23:17:25.862" level="INFO">Cannot capture screenshot because no browser is open.</msg>
<msg timestamp="20220613 23:17:25.864" level="FAIL">WebDriverException: Message: 'chromedriver' executable needs to be in PATH. Please see https://chromedriver.chromium.org/home
</msg>
<status status="FAIL" starttime="20220613 23:17:25.817" endtime="20220613 23:17:25.871"/>
</kw>
<kw name="Input Text" library="SeleniumLibrary">
<arg>id:user-name</arg>
<arg>standard_user</arg>
<doc>Types the given ``text`` into the text field identified by ``locator``.</doc>
<status status="NOT RUN" starttime="20220613 23:17:25.871" endtime="20220613 23:17:25.871"/>
</kw>
<kw name="Input Text" library="SeleniumLibrary">
<arg>xpath:${password_field_xpath}</arg>
<arg>secret_sauce</arg>
<doc>Types the given ``text`` into the text field identified by ``locator``.</doc>
<status status="NOT RUN" starttime="20220613 23:17:25.871" endtime="20220613 23:17:25.871"/>
</kw>
<kw name="Click Button" library="SeleniumLibrary">
<arg>id:login-button</arg>
<doc>Clicks the button identified by ``locator``.</doc>
<status status="NOT RUN" starttime="20220613 23:17:25.871" endtime="20220613 23:17:25.871"/>
</kw>
<status status="FAIL" starttime="20220613 23:17:25.816" endtime="20220613 23:17:25.872"/>
</kw>
<kw name="Close Browser" library="SeleniumLibrary" type="TEARDOWN">
<doc>Closes the current browser.</doc>
<status status="PASS" starttime="20220613 23:17:25.874" endtime="20220613 23:17:25.874"/>
</kw>
<status status="FAIL" starttime="20220613 23:17:25.813" endtime="20220613 23:17:25.887">Setup failed:
WebDriverException: Message: 'chromedriver' executable needs to be in PATH. Please see https://chromedriver.chromium.org/home
</status>
</test>
<test id="s1-t2" name="SauceLabsBackpack" line="13">
<kw name="login to saucelabs" library="common" type="SETUP">
<kw name="Setup chromedriver" library="common">
<kw name="Set Environment Variable" library="OperatingSystem">
<arg>webdriver.chrome.driver</arg>
<arg>${EXECDIR} /bin/chromedrivere.exe</arg>
<doc>Sets an environment variable to a specified value.</doc>
<msg timestamp="20220613 23:17:25.908" level="INFO">Environment variable 'webdriver.chrome.driver' set to value 'C:\Users\Dell\OneDrive\Desktop\robotlearning\cart testing /bin/chromedrivere.exe'.</msg>
<status status="PASS" starttime="20220613 23:17:25.907" endtime="20220613 23:17:25.908"/>
</kw>
<status status="PASS" starttime="20220613 23:17:25.906" endtime="20220613 23:17:25.908"/>
</kw>
<kw name="Open Browser" library="SeleniumLibrary">
<arg>https://www.saucedemo.com/</arg>
<arg>chrome</arg>
<doc>Opens a new browser instance to the optional ``url``.</doc>
<msg timestamp="20220613 23:17:25.909" level="INFO">Opening browser 'chrome' to base url 'https://www.saucedemo.com/'.</msg>
<msg timestamp="20220613 23:17:25.917" level="INFO">Cannot capture screenshot because no browser is open.</msg>
<msg timestamp="20220613 23:17:25.917" level="FAIL">WebDriverException: Message: 'chromedriver' executable needs to be in PATH. Please see https://chromedriver.chromium.org/home
</msg>
<status status="FAIL" starttime="20220613 23:17:25.908" endtime="20220613 23:17:25.919"/>
</kw>
<kw name="Input Text" library="SeleniumLibrary">
<arg>id:user-name</arg>
<arg>standard_user</arg>
<doc>Types the given ``text`` into the text field identified by ``locator``.</doc>
<status status="NOT RUN" starttime="20220613 23:17:25.919" endtime="20220613 23:17:25.920"/>
</kw>
<kw name="Input Text" library="SeleniumLibrary">
<arg>xpath:${password_field_xpath}</arg>
<arg>secret_sauce</arg>
<doc>Types the given ``text`` into the text field identified by ``locator``.</doc>
<status status="NOT RUN" starttime="20220613 23:17:25.920" endtime="20220613 23:17:25.920"/>
</kw>
<kw name="Click Button" library="SeleniumLibrary">
<arg>id:login-button</arg>
<doc>Clicks the button identified by ``locator``.</doc>
<status status="NOT RUN" starttime="20220613 23:17:25.920" endtime="20220613 23:17:25.920"/>
</kw>
<status status="FAIL" starttime="20220613 23:17:25.906" endtime="20220613 23:17:25.921"/>
</kw>
<kw name="Close Browser" library="SeleniumLibrary" type="TEARDOWN">
<doc>Closes the current browser.</doc>
<status status="PASS" starttime="20220613 23:17:25.943" endtime="20220613 23:17:25.943"/>
</kw>
<status status="FAIL" starttime="20220613 23:17:25.897" endtime="20220613 23:17:25.945">Setup failed:
WebDriverException: Message: 'chromedriver' executable needs to be in PATH. Please see https://chromedriver.chromium.org/home
</status>
</test>
<test id="s1-t3" name="SauceLabsBikeLight" line="16">
<kw name="login to saucelabs" library="common" type="SETUP">
<kw name="Setup chromedriver" library="common">
<kw name="Set Environment Variable" library="OperatingSystem">
<arg>webdriver.chrome.driver</arg>
<arg>${EXECDIR} /bin/chromedrivere.exe</arg>
<doc>Sets an environment variable to a specified value.</doc>
<msg timestamp="20220613 23:17:25.968" level="INFO">Environment variable 'webdriver.chrome.driver' set to value 'C:\Users\Dell\OneDrive\Desktop\robotlearning\cart testing /bin/chromedrivere.exe'.</msg>
<status status="PASS" starttime="20220613 23:17:25.968" endtime="20220613 23:17:25.968"/>
</kw>
<status status="PASS" starttime="20220613 23:17:25.967" endtime="20220613 23:17:25.969"/>
</kw>
<kw name="Open Browser" library="SeleniumLibrary">
<arg>https://www.saucedemo.com/</arg>
<arg>chrome</arg>
<doc>Opens a new browser instance to the optional ``url``.</doc>
<msg timestamp="20220613 23:17:25.969" level="INFO">Opening browser 'chrome' to base url 'https://www.saucedemo.com/'.</msg>
<msg timestamp="20220613 23:17:25.972" level="INFO">Cannot capture screenshot because no browser is open.</msg>
<msg timestamp="20220613 23:17:25.972" level="FAIL">WebDriverException: Message: 'chromedriver' executable needs to be in PATH. Please see https://chromedriver.chromium.org/home
</msg>
<status status="FAIL" starttime="20220613 23:17:25.969" endtime="20220613 23:17:25.973"/>
</kw>
<kw name="Input Text" library="SeleniumLibrary">
<arg>id:user-name</arg>
<arg>standard_user</arg>
<doc>Types the given ``text`` into the text field identified by ``locator``.</doc>
<status status="NOT RUN" starttime="20220613 23:17:25.973" endtime="20220613 23:17:25.974"/>
</kw>
<kw name="Input Text" library="SeleniumLibrary">
<arg>xpath:${password_field_xpath}</arg>
<arg>secret_sauce</arg>
<doc>Types the given ``text`` into the text field identified by ``locator``.</doc>
<status status="NOT RUN" starttime="20220613 23:17:25.974" endtime="20220613 23:17:25.974"/>
</kw>
<kw name="Click Button" library="SeleniumLibrary">
<arg>id:login-button</arg>
<doc>Clicks the button identified by ``locator``.</doc>
<status status="NOT RUN" starttime="20220613 23:17:25.974" endtime="20220613 23:17:25.974"/>
</kw>
<status status="FAIL" starttime="20220613 23:17:25.967" endtime="20220613 23:17:25.975"/>
</kw>
<kw name="Close Browser" library="SeleniumLibrary" type="TEARDOWN">
<doc>Closes the current browser.</doc>
<status status="PASS" starttime="20220613 23:17:25.976" endtime="20220613 23:17:25.977"/>
</kw>
<status status="FAIL" starttime="20220613 23:17:25.966" endtime="20220613 23:17:25.978">Setup failed:
WebDriverException: Message: 'chromedriver' executable needs to be in PATH. Please see https://chromedriver.chromium.org/home
</status>
</test>
<test id="s1-t4" name="SauceLabsBoltTshirt" line="19">
<kw name="login to saucelabs" library="common" type="SETUP">
<kw name="Setup chromedriver" library="common">
<kw name="Set Environment Variable" library="OperatingSystem">
<arg>webdriver.chrome.driver</arg>
<arg>${EXECDIR} /bin/chromedrivere.exe</arg>
<doc>Sets an environment variable to a specified value.</doc>
<msg timestamp="20220613 23:17:26.000" level="INFO">Environment variable 'webdriver.chrome.driver' set to value 'C:\Users\Dell\OneDrive\Desktop\robotlearning\cart testing /bin/chromedrivere.exe'.</msg>
<status status="PASS" starttime="20220613 23:17:25.991" endtime="20220613 23:17:26.001"/>
</kw>
<status status="PASS" starttime="20220613 23:17:25.988" endtime="20220613 23:17:26.001"/>
</kw>
<kw name="Open Browser" library="SeleniumLibrary">
<arg>https://www.saucedemo.com/</arg>
<arg>chrome</arg>
<doc>Opens a new browser instance to the optional ``url``.</doc>
<msg timestamp="20220613 23:17:26.002" level="INFO">Opening browser 'chrome' to base url 'https://www.saucedemo.com/'.</msg>
<msg timestamp="20220613 23:17:26.006" level="INFO">Cannot capture screenshot because no browser is open.</msg>
<msg timestamp="20220613 23:17:26.006" level="FAIL">WebDriverException: Message: 'chromedriver' executable needs to be in PATH. Please see https://chromedriver.chromium.org/home
</msg>
<status status="FAIL" starttime="20220613 23:17:26.001" endtime="20220613 23:17:26.011"/>
</kw>
<kw name="Input Text" library="SeleniumLibrary">
<arg>id:user-name</arg>
<arg>standard_user</arg>
<doc>Types the given ``text`` into the text field identified by ``locator``.</doc>
<status status="NOT RUN" starttime="20220613 23:17:26.013" endtime="20220613 23:17:26.014"/>
</kw>
<kw name="Input Text" library="SeleniumLibrary">
<arg>xpath:${password_field_xpath}</arg>
<arg>secret_sauce</arg>
<doc>Types the given ``text`` into the text field identified by ``locator``.</doc>
<status status="NOT RUN" starttime="20220613 23:17:26.014" endtime="20220613 23:17:26.014"/>
</kw>
<kw name="Click Button" library="SeleniumLibrary">
<arg>id:login-button</arg>
<doc>Clicks the button identified by ``locator``.</doc>
<status status="NOT RUN" starttime="20220613 23:17:26.016" endtime="20220613 23:17:26.016"/>
</kw>
<status status="FAIL" starttime="20220613 23:17:25.987" endtime="20220613 23:17:26.017"/>
</kw>
<kw name="Close Browser" library="SeleniumLibrary" type="TEARDOWN">
<doc>Closes the current browser.</doc>
<status status="PASS" starttime="20220613 23:17:26.025" endtime="20220613 23:17:26.026"/>
</kw>
<status status="FAIL" starttime="20220613 23:17:25.983" endtime="20220613 23:17:26.027">Setup failed:
WebDriverException: Message: 'chromedriver' executable needs to be in PATH. Please see https://chromedriver.chromium.org/home
</status>
</test>
<test id="s1-t5" name="SauceLabsFleeceJacket" line="22">
<kw name="login to saucelabs" library="common" type="SETUP">
<kw name="Setup chromedriver" library="common">
<kw name="Set Environment Variable" library="OperatingSystem">
<arg>webdriver.chrome.driver</arg>
<arg>${EXECDIR} /bin/chromedrivere.exe</arg>
<doc>Sets an environment variable to a specified value.</doc>
<msg timestamp="20220613 23:17:26.038" level="INFO">Environment variable 'webdriver.chrome.driver' set to value 'C:\Users\Dell\OneDrive\Desktop\robotlearning\cart testing /bin/chromedrivere.exe'.</msg>
<status status="PASS" starttime="20220613 23:17:26.037" endtime="20220613 23:17:26.038"/>
</kw>
<status status="PASS" starttime="20220613 23:17:26.037" endtime="20220613 23:17:26.038"/>
</kw>
<kw name="Open Browser" library="SeleniumLibrary">
<arg>https://www.saucedemo.com/</arg>
<arg>chrome</arg>
<doc>Opens a new browser instance to the optional ``url``.</doc>
<msg timestamp="20220613 23:17:26.039" level="INFO">Opening browser 'chrome' to base url 'https://www.saucedemo.com/'.</msg>
<msg timestamp="20220613 23:17:26.046" level="INFO">Cannot capture screenshot because no browser is open.</msg>
<msg timestamp="20220613 23:17:26.047" level="FAIL">WebDriverException: Message: 'chromedriver' executable needs to be in PATH. Please see https://chromedriver.chromium.org/home
</msg>
<status status="FAIL" starttime="20220613 23:17:26.039" endtime="20220613 23:17:26.048"/>
</kw>
<kw name="Input Text" library="SeleniumLibrary">
<arg>id:user-name</arg>
<arg>standard_user</arg>
<doc>Types the given ``text`` into the text field identified by ``locator``.</doc>
<status status="NOT RUN" starttime="20220613 23:17:26.049" endtime="20220613 23:17:26.049"/>
</kw>
<kw name="Input Text" library="SeleniumLibrary">
<arg>xpath:${password_field_xpath}</arg>
<arg>secret_sauce</arg>
<doc>Types the given ``text`` into the text field identified by ``locator``.</doc>
<status status="NOT RUN" starttime="20220613 23:17:26.049" endtime="20220613 23:17:26.049"/>
</kw>
<kw name="Click Button" library="SeleniumLibrary">
<arg>id:login-button</arg>
<doc>Clicks the button identified by ``locator``.</doc>
<status status="NOT RUN" starttime="20220613 23:17:26.050" endtime="20220613 23:17:26.050"/>
</kw>
<status status="FAIL" starttime="20220613 23:17:26.036" endtime="20220613 23:17:26.051"/>
</kw>
<kw name="Close Browser" library="SeleniumLibrary" type="TEARDOWN">
<doc>Closes the current browser.</doc>
<status status="PASS" starttime="20220613 23:17:26.053" endtime="20220613 23:17:26.054"/>
</kw>
<status status="FAIL" starttime="20220613 23:17:26.035" endtime="20220613 23:17:26.055">Setup failed:
WebDriverException: Message: 'chromedriver' executable needs to be in PATH. Please see https://chromedriver.chromium.org/home
</status>
</test>
<test id="s1-t6" name="SauceLabsOnesie" line="25">
<kw name="login to saucelabs" library="common" type="SETUP">
<kw name="Setup chromedriver" library="common">
<kw name="Set Environment Variable" library="OperatingSystem">
<arg>webdriver.chrome.driver</arg>
<arg>${EXECDIR} /bin/chromedrivere.exe</arg>
<doc>Sets an environment variable to a specified value.</doc>
<msg timestamp="20220613 23:17:26.065" level="INFO">Environment variable 'webdriver.chrome.driver' set to value 'C:\Users\Dell\OneDrive\Desktop\robotlearning\cart testing /bin/chromedrivere.exe'.</msg>
<status status="PASS" starttime="20220613 23:17:26.064" endtime="20220613 23:17:26.065"/>
</kw>
<status status="PASS" starttime="20220613 23:17:26.064" endtime="20220613 23:17:26.065"/>
</kw>
<kw name="Open Browser" library="SeleniumLibrary">
<arg>https://www.saucedemo.com/</arg>
<arg>chrome</arg>
<doc>Opens a new browser instance to the optional ``url``.</doc>
<msg timestamp="20220613 23:17:26.068" level="INFO">Opening browser 'chrome' to base url 'https://www.saucedemo.com/'.</msg>
<msg timestamp="20220613 23:17:26.073" level="INFO">Cannot capture screenshot because no browser is open.</msg>
<msg timestamp="20220613 23:17:26.079" level="FAIL">WebDriverException: Message: 'chromedriver' executable needs to be in PATH. Please see https://chromedriver.chromium.org/home
</msg>
<status status="FAIL" starttime="20220613 23:17:26.066" endtime="20220613 23:17:26.081"/>
</kw>
<kw name="Input Text" library="SeleniumLibrary">
<arg>id:user-name</arg>
<arg>standard_user</arg>
<doc>Types the given ``text`` into the text field identified by ``locator``.</doc>
<status status="NOT RUN" starttime="20220613 23:17:26.082" endtime="20220613 23:17:26.082"/>
</kw>
<kw name="Input Text" library="SeleniumLibrary">
<arg>xpath:${password_field_xpath}</arg>
<arg>secret_sauce</arg>
<doc>Types the given ``text`` into the text field identified by ``locator``.</doc>
<status status="NOT RUN" starttime="20220613 23:17:26.082" endtime="20220613 23:17:26.082"/>
</kw>
<kw name="Click Button" library="SeleniumLibrary">
<arg>id:login-button</arg>
<doc>Clicks the button identified by ``locator``.</doc>
<status status="NOT RUN" starttime="20220613 23:17:26.083" endtime="20220613 23:17:26.083"/>
</kw>
<status status="FAIL" starttime="20220613 23:17:26.063" endtime="20220613 23:17:26.084"/>
</kw>
<kw name="Close Browser" library="SeleniumLibrary" type="TEARDOWN">
<doc>Closes the current browser.</doc>
<status status="PASS" starttime="20220613 23:17:26.088" endtime="20220613 23:17:26.089"/>
</kw>
<status status="FAIL" starttime="20220613 23:17:26.060" endtime="20220613 23:17:26.096">Setup failed:
WebDriverException: Message: 'chromedriver' executable needs to be in PATH. Please see https://chromedriver.chromium.org/home
</status>
</test>
<test id="s1-t7" name="SauceLabsTestAllThingsTshirt" line="28">
<kw name="login to saucelabs" library="common" type="SETUP">
<kw name="Setup chromedriver" library="common">
<kw name="Set Environment Variable" library="OperatingSystem">
<arg>webdriver.chrome.driver</arg>
<arg>${EXECDIR} /bin/chromedrivere.exe</arg>
<doc>Sets an environment variable to a specified value.</doc>
<msg timestamp="20220613 23:17:26.118" level="INFO">Environment variable 'webdriver.chrome.driver' set to value 'C:\Users\Dell\OneDrive\Desktop\robotlearning\cart testing /bin/chromedrivere.exe'.</msg>
<status status="PASS" starttime="20220613 23:17:26.117" endtime="20220613 23:17:26.118"/>
</kw>
<status status="PASS" starttime="20220613 23:17:26.117" endtime="20220613 23:17:26.118"/>
</kw>
<kw name="Open Browser" library="SeleniumLibrary">
<arg>https://www.saucedemo.com/</arg>
<arg>chrome</arg>
<doc>Opens a new browser instance to the optional ``url``.</doc>
<msg timestamp="20220613 23:17:26.119" level="INFO">Opening browser 'chrome' to base url 'https://www.saucedemo.com/'.</msg>
<msg timestamp="20220613 23:17:26.123" level="INFO">Cannot capture screenshot because no browser is open.</msg>
<msg timestamp="20220613 23:17:26.124" level="FAIL">WebDriverException: Message: 'chromedriver' executable needs to be in PATH. Please see https://chromedriver.chromium.org/home
</msg>
<status status="FAIL" starttime="20220613 23:17:26.118" endtime="20220613 23:17:26.125"/>
</kw>
<kw name="Input Text" library="SeleniumLibrary">
<arg>id:user-name</arg>
<arg>standard_user</arg>
<doc>Types the given ``text`` into the text field identified by ``locator``.</doc>
<status status="NOT RUN" starttime="20220613 23:17:26.125" endtime="20220613 23:17:26.125"/>
</kw>
<kw name="Input Text" library="SeleniumLibrary">
<arg>xpath:${password_field_xpath}</arg>
<arg>secret_sauce</arg>
<doc>Types the given ``text`` into the text field identified by ``locator``.</doc>
<status status="NOT RUN" starttime="20220613 23:17:26.126" endtime="20220613 23:17:26.126"/>
</kw>
<kw name="Click Button" library="SeleniumLibrary">
<arg>id:login-button</arg>
<doc>Clicks the button identified by ``locator``.</doc>
<status status="NOT RUN" starttime="20220613 23:17:26.126" endtime="20220613 23:17:26.126"/>
</kw>
<status status="FAIL" starttime="20220613 23:17:26.114" endtime="20220613 23:17:26.127"/>
</kw>
<kw name="Close Browser" library="SeleniumLibrary" type="TEARDOWN">
<doc>Closes the current browser.</doc>
<status status="PASS" starttime="20220613 23:17:26.128" endtime="20220613 23:17:26.130"/>
</kw>
<status status="FAIL" starttime="20220613 23:17:26.111" endtime="20220613 23:17:26.132">Setup failed:
WebDriverException: Message: 'chromedriver' executable needs to be in PATH. Please see https://chromedriver.chromium.org/home
</status>
</test>
<test id="s1-t8" name="SauceLabsBackpackandSauceLabsBikeLight" line="31">
<kw name="login to saucelabs" library="common" type="SETUP">
<kw name="Setup chromedriver" library="common">
<kw name="Set Environment Variable" library="OperatingSystem">
<arg>webdriver.chrome.driver</arg>
<arg>${EXECDIR} /bin/chromedrivere.exe</arg>
<doc>Sets an environment variable to a specified value.</doc>
<msg timestamp="20220613 23:17:26.144" level="INFO">Environment variable 'webdriver.chrome.driver' set to value 'C:\Users\Dell\OneDrive\Desktop\robotlearning\cart testing /bin/chromedrivere.exe'.</msg>
<status status="PASS" starttime="20220613 23:17:26.143" endtime="20220613 23:17:26.144"/>
</kw>
<status status="PASS" starttime="20220613 23:17:26.143" endtime="20220613 23:17:26.144"/>
</kw>
<kw name="Open Browser" library="SeleniumLibrary">
<arg>https://www.saucedemo.com/</arg>
<arg>chrome</arg>
<doc>Opens a new browser instance to the optional ``url``.</doc>
<msg timestamp="20220613 23:17:26.151" level="INFO">Opening browser 'chrome' to base url 'https://www.saucedemo.com/'.</msg>
<msg timestamp="20220613 23:17:26.157" level="INFO">Cannot capture screenshot because no browser is open.</msg>
<msg timestamp="20220613 23:17:26.157" level="FAIL">WebDriverException: Message: 'chromedriver' executable needs to be in PATH. Please see https://chromedriver.chromium.org/home
</msg>
<status status="FAIL" starttime="20220613 23:17:26.149" endtime="20220613 23:17:26.159"/>
</kw>
<kw name="Input Text" library="SeleniumLibrary">
<arg>id:user-name</arg>
<arg>standard_user</arg>
<doc>Types the given ``text`` into the text field identified by ``locator``.</doc>
<status status="NOT RUN" starttime="20220613 23:17:26.159" endtime="20220613 23:17:26.160"/>
</kw>
<kw name="Input Text" library="SeleniumLibrary">
<arg>xpath:${password_field_xpath}</arg>
<arg>secret_sauce</arg>
<doc>Types the given ``text`` into the text field identified by ``locator``.</doc>
<status status="NOT RUN" starttime="20220613 23:17:26.160" endtime="20220613 23:17:26.160"/>
</kw>
<kw name="Click Button" library="SeleniumLibrary">
<arg>id:login-button</arg>
<doc>Clicks the button identified by ``locator``.</doc>
<status status="NOT RUN" starttime="20220613 23:17:26.160" endtime="20220613 23:17:26.160"/>
</kw>
<status status="FAIL" starttime="20220613 23:17:26.142" endtime="20220613 23:17:26.161"/>
</kw>
<kw name="Close Browser" library="SeleniumLibrary" type="TEARDOWN">
<doc>Closes the current browser.</doc>
<status status="PASS" starttime="20220613 23:17:26.166" endtime="20220613 23:17:26.167"/>
</kw>
<status status="FAIL" starttime="20220613 23:17:26.138" endtime="20220613 23:17:26.168">Setup failed:
WebDriverException: Message: 'chromedriver' executable needs to be in PATH. Please see https://chromedriver.chromium.org/home
</status>
</test>
<test id="s1-t9" name="ThreeItems" line="34">
<kw name="login to saucelabs" library="common" type="SETUP">
<kw name="Setup chromedriver" library="common">
<kw name="Set Environment Variable" library="OperatingSystem">
<arg>webdriver.chrome.driver</arg>
<arg>${EXECDIR} /bin/chromedrivere.exe</arg>
<doc>Sets an environment variable to a specified value.</doc>
<msg timestamp="20220613 23:17:26.180" level="INFO">Environment variable 'webdriver.chrome.driver' set to value 'C:\Users\Dell\OneDrive\Desktop\robotlearning\cart testing /bin/chromedrivere.exe'.</msg>
<status status="PASS" starttime="20220613 23:17:26.180" endtime="20220613 23:17:26.181"/>
</kw>
<status status="PASS" starttime="20220613 23:17:26.178" endtime="20220613 23:17:26.182"/>
</kw>
<kw name="Open Browser" library="SeleniumLibrary">
<arg>https://www.saucedemo.com/</arg>
<arg>chrome</arg>
<doc>Opens a new browser instance to the optional ``url``.</doc>
<msg timestamp="20220613 23:17:26.182" level="INFO">Opening browser 'chrome' to base url 'https://www.saucedemo.com/'.</msg>
<msg timestamp="20220613 23:17:26.186" level="INFO">Cannot capture screenshot because no browser is open.</msg>
<msg timestamp="20220613 23:17:26.187" level="FAIL">WebDriverException: Message: 'chromedriver' executable needs to be in PATH. Please see https://chromedriver.chromium.org/home
</msg>
<status status="FAIL" starttime="20220613 23:17:26.182" endtime="20220613 23:17:26.189"/>
</kw>
<kw name="Input Text" library="SeleniumLibrary">
<arg>id:user-name</arg>
<arg>standard_user</arg>
<doc>Types the given ``text`` into the text field identified by ``locator``.</doc>
<status status="NOT RUN" starttime="20220613 23:17:26.190" endtime="20220613 23:17:26.190"/>
</kw>
<kw name="Input Text" library="SeleniumLibrary">
<arg>xpath:${password_field_xpath}</arg>
<arg>secret_sauce</arg>
<doc>Types the given ``text`` into the text field identified by ``locator``.</doc>
<status status="NOT RUN" starttime="20220613 23:17:26.190" endtime="20220613 23:17:26.190"/>
</kw>
<kw name="Click Button" library="SeleniumLibrary">
<arg>id:login-button</arg>
<doc>Clicks the button identified by ``locator``.</doc>
<status status="NOT RUN" starttime="20220613 23:17:26.190" endtime="20220613 23:17:26.191"/>
</kw>
<status status="FAIL" starttime="20220613 23:17:26.176" endtime="20220613 23:17:26.192"/>
</kw>
<kw name="Close Browser" library="SeleniumLibrary" type="TEARDOWN">
<doc>Closes the current browser.</doc>
<status status="PASS" starttime="20220613 23:17:26.203" endtime="20220613 23:17:26.203"/>
</kw>
<status status="FAIL" starttime="20220613 23:17:26.172" endtime="20220613 23:17:26.204">Setup failed:
WebDriverException: Message: 'chromedriver' executable needs to be in PATH. Please see https://chromedriver.chromium.org/home
</status>
</test>
<test id="s1-t10" name="AllProducts" line="37">
<kw name="login to saucelabs" library="common" type="SETUP">
<kw name="Setup chromedriver" library="common">
<kw name="Set Environment Variable" library="OperatingSystem">
<arg>webdriver.chrome.driver</arg>
<arg>${EXECDIR} /bin/chromedrivere.exe</arg>
<doc>Sets an environment variable to a specified value.</doc>
<msg timestamp="20220613 23:17:26.218" level="INFO">Environment variable 'webdriver.chrome.driver' set to value 'C:\Users\Dell\OneDrive\Desktop\robotlearning\cart testing /bin/chromedrivere.exe'.</msg>
<status status="PASS" starttime="20220613 23:17:26.217" endtime="20220613 23:17:26.218"/>
</kw>
<status status="PASS" starttime="20220613 23:17:26.214" endtime="20220613 23:17:26.218"/>
</kw>
<kw name="Open Browser" library="SeleniumLibrary">
<arg>https://www.saucedemo.com/</arg>
<arg>chrome</arg>
<doc>Opens a new browser instance to the optional ``url``.</doc>
<msg timestamp="20220613 23:17:26.218" level="INFO">Opening browser 'chrome' to base url 'https://www.saucedemo.com/'.</msg>
<msg timestamp="20220613 23:17:26.225" level="INFO">Cannot capture screenshot because no browser is open.</msg>
<msg timestamp="20220613 23:17:26.227" level="FAIL">WebDriverException: Message: 'chromedriver' executable needs to be in PATH. Please see https://chromedriver.chromium.org/home
</msg>
<status status="FAIL" starttime="20220613 23:17:26.218" endtime="20220613 23:17:26.229"/>
</kw>
<kw name="Input Text" library="SeleniumLibrary">
<arg>id:user-name</arg>
<arg>standard_user</arg>
<doc>Types the given ``text`` into the text field identified by ``locator``.</doc>
<status status="NOT RUN" starttime="20220613 23:17:26.230" endtime="20220613 23:17:26.230"/>
</kw>
<kw name="Input Text" library="SeleniumLibrary">
<arg>xpath:${password_field_xpath}</arg>
<arg>secret_sauce</arg>
<doc>Types the given ``text`` into the text field identified by ``locator``.</doc>
<status status="NOT RUN" starttime="20220613 23:17:26.230" endtime="20220613 23:17:26.230"/>
</kw>
<kw name="Click Button" library="SeleniumLibrary">
<arg>id:login-button</arg>
<doc>Clicks the button identified by ``locator``.</doc>
<status status="NOT RUN" starttime="20220613 23:17:26.230" endtime="20220613 23:17:26.230"/>
</kw>
<status status="FAIL" starttime="20220613 23:17:26.213" endtime="20220613 23:17:26.232"/>
</kw>
<kw name="Close Browser" library="SeleniumLibrary" type="TEARDOWN">
<doc>Closes the current browser.</doc>
<status status="PASS" starttime="20220613 23:17:26.237" endtime="20220613 23:17:26.238"/>
</kw>
<status status="FAIL" starttime="20220613 23:17:26.207" endtime="20220613 23:17:26.239">Setup failed:
WebDriverException: Message: 'chromedriver' executable needs to be in PATH. Please see https://chromedriver.chromium.org/home
</status>
</test>
<status status="FAIL" starttime="20220613 23:17:24.904" endtime="20220613 23:17:26.253"/>
</suite>
<statistics>
<total>
<stat pass="0" fail="10" skip="0">All Tests</stat>
</total>
<tag>
</tag>
<suite>
<stat pass="0" fail="10" skip="0" id="s1" name="Cart Test">Cart Test</stat>
</suite>
</statistics>
<errors>
<msg timestamp="20220613 23:17:25.770" level="ERROR">Error in file 'C:\Users\Dell\OneDrive\Desktop\robotlearning\common.robot' on line 4: Setting 'Suite Setup' is not allowed in resource file.</msg>
</errors>
</robot>
